<?xml version="1.0" encoding="UTF-8"?>
<!-- Generated by org.testng.reporters.JUnitReportReporter -->
<testsuite skipped="0" hostname="FEI1026227" name="com.assertions.examples.AssertionsExamples" tests="7" failures="0" timestamp="2019-10-14T16:36:52 EDT" time="4.636" errors="0">
  <testcase name="test_008" time="0.386" classname="com.assertions.examples.AssertionsExamples"/>
  <testcase name="test_003" time="0.420" classname="com.assertions.examples.AssertionsExamples"/>
  <testcase name="test_007" time="0.420" classname="com.assertions.examples.AssertionsExamples"/>
  <testcase name="test_002" time="0.400" classname="com.assertions.examples.AssertionsExamples"/>
  <testcase name="test_004" time="0.372" classname="com.assertions.examples.AssertionsExamples"/>
  <testcase name="test_005" time="0.446" classname="com.assertions.examples.AssertionsExamples"/>
  <testcase name="test_001" time="2.192" classname="com.assertions.examples.AssertionsExamples"/>
</testsuite> <!-- com.assertions.examples.AssertionsExamples -->
