<?xml version="1.0" encoding="UTF-8"?>
<!-- Generated by org.testng.reporters.JUnitReportReporter -->
<testsuite skipped="0" hostname="FEI1026227" name="test_framework.g_DataProvider" tests="6" failures="0" timestamp="2019-08-26T13:39:34 EDT" time="3.479" errors="0">
  <testcase name="DeleteBook" time="0.580" classname="test_framework.g_DataProvider"/>
  <testcase name="AddBook" time="0.583" classname="test_framework.g_DataProvider"/>
  <testcase name="AddBook" time="0.568" classname="test_framework.g_DataProvider"/>
  <testcase name="DeleteBook" time="0.581" classname="test_framework.g_DataProvider"/>
  <testcase name="AddBook" time="0.599" classname="test_framework.g_DataProvider"/>
  <testcase name="DeleteBook" time="0.568" classname="test_framework.g_DataProvider"/>
</testsuite> <!-- test_framework.g_DataProvider -->
