<?xml version="1.0" encoding="UTF-8"?>
<!-- Generated by org.testng.reporters.JUnitReportReporter -->
<testsuite skipped="0" hostname="FEI1026227" name="test_framework.e_Basics_Get_All_Reponses" tests="1" failures="0" timestamp="2019-08-26T13:39:34 EDT" time="0.434" errors="0">
  <testcase name="Test" time="0.434" classname="test_framework.e_Basics_Get_All_Reponses"/>
</testsuite> <!-- test_framework.e_Basics_Get_All_Reponses -->
