<?xml version="1.0" encoding="UTF-8"?>
<!-- Generated by org.testng.reporters.JUnitReportReporter -->
<testsuite skipped="0" hostname="FEI1026227" name="test_framework.i_PostGetDeleteTweet" tests="3" failures="0" timestamp="2019-08-26T13:39:34 EDT" time="0.920" errors="0">
  <testcase name="postTweet" time="0.386" classname="test_framework.i_PostGetDeleteTweet"/>
  <testcase name="getLatestTweet" time="0.320" classname="test_framework.i_PostGetDeleteTweet"/>
  <testcase name="deleteTweet" time="0.214" classname="test_framework.i_PostGetDeleteTweet"/>
</testsuite> <!-- test_framework.i_PostGetDeleteTweet -->
