<?xml version="1.0" encoding="UTF-8"?>
<!-- Generated by org.testng.reporters.JUnitReportReporter -->
<testsuite skipped="0" hostname="FEI1026227" name="test_framework.a_Basics_Get" tests="1" failures="0" timestamp="2019-08-26T13:39:34 EDT" time="3.236" errors="0">
  <testcase name="Test" time="3.236" classname="test_framework.a_Basics_Get"/>
</testsuite> <!-- test_framework.a_Basics_Get -->
