<?xml version="1.0" encoding="UTF-8"?>
<!-- Generated by org.testng.reporters.JUnitReportReporter -->
<testsuite skipped="0" hostname="FEI1026227" name="test_framework.a_Basics_Get" tests="1" failures="0" timestamp="2019-09-06T11:27:53 EDT" time="2.848" errors="0">
  <testcase name="Test" time="2.848" classname="test_framework.a_Basics_Get"/>
</testsuite> <!-- test_framework.a_Basics_Get -->
