<?xml version="1.0" encoding="UTF-8"?>
<!-- Generated by org.testng.reporters.JUnitReportReporter -->
<testsuite skipped="0" hostname="FEI1026227" name="test_framework.c_Basics_Add_and_Delete" tests="1" failures="0" timestamp="2019-09-06T11:27:53 EDT" time="1.409" errors="0">
  <testcase name="AddAndDeletePlace" time="1.409" classname="test_framework.c_Basics_Add_and_Delete"/>
</testsuite> <!-- test_framework.c_Basics_Add_and_Delete -->
