<?xml version="1.0" encoding="UTF-8"?>
<!-- Generated by org.testng.reporters.JUnitReportReporter -->
<testsuite skipped="0" hostname="FEI1026227" name="test_framework.i_PostGetDeleteTweet" tests="3" failures="0" timestamp="2019-09-06T11:27:53 EDT" time="1.039" errors="0">
  <testcase name="postTweet" time="0.439" classname="test_framework.i_PostGetDeleteTweet"/>
  <testcase name="getLatestTweet" time="0.302" classname="test_framework.i_PostGetDeleteTweet"/>
  <testcase name="deleteTweet" time="0.298" classname="test_framework.i_PostGetDeleteTweet"/>
</testsuite> <!-- test_framework.i_PostGetDeleteTweet -->
