<?xml version="1.0" encoding="UTF-8"?>
<!-- Generated by org.testng.reporters.JUnitReportReporter -->
<testsuite skipped="0" hostname="FEI1026227" name="test_framework_test.a_Basics_Get" tests="1" failures="0" timestamp="2019-08-23T12:21:37 EDT" time="2.822" errors="0">
  <testcase name="Test" time="2.822" classname="test_framework_test.a_Basics_Get"/>
</testsuite> <!-- test_framework_test.a_Basics_Get -->
