<?xml version="1.0" encoding="UTF-8"?>
<!-- Generated by org.testng.reporters.JUnitReportReporter -->
<testsuite skipped="0" hostname="FEI1026227" name="test_framework.h_StaticJson" tests="1" failures="0" timestamp="2019-08-26T12:33:49 EDT" time="0.620" errors="0">
  <testcase name="AddBook" time="0.620" classname="test_framework.h_StaticJson"/>
</testsuite> <!-- test_framework.h_StaticJson -->
