<?xml version="1.0" encoding="UTF-8"?>
<!-- Generated by org.testng.reporters.JUnitReportReporter -->
<testsuite hostname="FEI1026227" name="test_framework_test.g_DataProvider" tests="6" failures="0" timestamp="23 Aug 2019 15:37:11 GMT" time="5.513" errors="0">
  <testcase name="DeleteBook" time="0.565" classname="test_framework_test.g_DataProvider"/>
  <testcase name="DeleteBook" time="0.582" classname="test_framework_test.g_DataProvider"/>
  <testcase name="AddBook" time="0.589" classname="test_framework_test.g_DataProvider"/>
  <testcase name="AddBook" time="0.582" classname="test_framework_test.g_DataProvider"/>
  <testcase name="AddBook" time="2.596" classname="test_framework_test.g_DataProvider"/>
  <testcase name="DeleteBook" time="0.599" classname="test_framework_test.g_DataProvider"/>
</testsuite> <!-- test_framework_test.g_DataProvider -->
