<?xml version="1.0" encoding="UTF-8"?>
<!-- Generated by org.testng.reporters.JUnitReportReporter -->
<testsuite skipped="0" hostname="FEI1026227" name="TestFramework.e_Basics_Get_All_Reponses" tests="1" failures="0" timestamp="23 Aug 2019 15:22:01 GMT" time="2.664" errors="0">
  <testcase name="Test" time="2.664" classname="TestFramework.e_Basics_Get_All_Reponses"/>
</testsuite> <!-- TestFramework.e_Basics_Get_All_Reponses -->
