<?xml version="1.0" encoding="UTF-8"?>
<!-- Generated by org.testng.reporters.JUnitReportReporter -->
<testsuite skipped="0" hostname="FEI1026227" name="test_framework.ExcelDriven_DynamicJson" tests="1" failures="0" timestamp="2019-09-09T10:20:21 EDT" time="3.981" errors="0">
  <testcase name="addAndDeleteBook" time="3.981" classname="test_framework.ExcelDriven_DynamicJson"/>
</testsuite> <!-- test_framework.ExcelDriven_DynamicJson -->
