<?xml version="1.0" encoding="UTF-8"?>
<!-- Generated by org.testng.reporters.JUnitReportReporter -->
<testsuite hostname="FEI1026227" name="test_framework_test.e_Basics_Get_All_Reponses" tests="1" failures="0" timestamp="23 Aug 2019 15:37:22 GMT" time="2.716" errors="0">
  <testcase name="Test" time="2.716" classname="test_framework_test.e_Basics_Get_All_Reponses"/>
</testsuite> <!-- test_framework_test.e_Basics_Get_All_Reponses -->
