<?xml version="1.0" encoding="UTF-8"?>
<!-- Generated by org.testng.reporters.JUnitReportReporter -->
<testsuite skipped="0" hostname="FEI1026227" name="test_framework.g_DataProvider" tests="6" failures="0" timestamp="2019-09-06T11:27:53 EDT" time="3.765" errors="0">
  <testcase name="DeleteBook" time="0.592" classname="test_framework.g_DataProvider"/>
  <testcase name="DeleteBook" time="0.608" classname="test_framework.g_DataProvider"/>
  <testcase name="DeleteBook" time="0.655" classname="test_framework.g_DataProvider"/>
  <testcase name="AddBook" time="0.661" classname="test_framework.g_DataProvider"/>
  <testcase name="AddBook" time="0.613" classname="test_framework.g_DataProvider"/>
  <testcase name="AddBook" time="0.636" classname="test_framework.g_DataProvider"/>
</testsuite> <!-- test_framework.g_DataProvider -->
