<?xml version="1.0" encoding="UTF-8"?>
<!-- Generated by org.testng.reporters.JUnitReportReporter -->
<testsuite skipped="0" hostname="FEI1026227" name="test_framework.d_Basics_Post_XML" tests="1" failures="0" timestamp="2019-09-06T11:27:53 EDT" time="0.655" errors="0">
  <testcase name="Test" time="0.655" classname="test_framework.d_Basics_Post_XML"/>
</testsuite> <!-- test_framework.d_Basics_Post_XML -->
