<?xml version="1.0" encoding="UTF-8"?>
<!-- Generated by org.testng.reporters.JUnitReportReporter -->
<testsuite skipped="0" hostname="FEI1026227" name="testRunner2" tests="1" failures="0" timestamp="2019-09-11T09:24:24 EDT" time="2.940" errors="0">
  <testcase name="singleTest" time="2.940" classname="testRunner2"/>
</testsuite> <!-- testRunner2 -->
