<?xml version="1.0" encoding="UTF-8"?>
<!-- Generated by org.testng.reporters.JUnitReportReporter -->
<testsuite skipped="0" hostname="FEI1026227" name="testRunner" tests="1" failures="0" timestamp="2019-09-10T17:05:25 EDT" time="5.061" errors="0">
  <testcase name="SoapTest" time="5.061" classname="testRunner"/>
</testsuite> <!-- testRunner -->
