<?xml version="1.0" encoding="UTF-8"?>
<!-- Generated by org.testng.reporters.JUnitReportReporter -->
<testsuite skipped="0" hostname="FEI1026227" name="employee_groovyScript" tests="1" failures="0" timestamp="2019-09-11T09:44:07 EDT" time="4.027" errors="0">
  <testcase name="employeeWithScript" time="4.027" classname="employee_groovyScript"/>
</testsuite> <!-- employee_groovyScript -->
