<?xml version="1.0" encoding="UTF-8"?>
<!-- Generated by org.testng.reporters.JUnitReportReporter -->
<testsuite skipped="0" hostname="FEI1026227" name="SoapTests.multipleTestSuites" tests="1" failures="0" timestamp="2019-09-11T13:18:10 EDT" time="2.425" errors="0">
  <testcase name="MultipleTestSuiteTest" time="2.425" classname="SoapTests.multipleTestSuites"/>
</testsuite> <!-- SoapTests.multipleTestSuites -->
