<?xml version="1.0" encoding="UTF-8"?>
<!-- Generated by org.testng.reporters.JUnitReportReporter -->
<testsuite skipped="0" hostname="FEI1026227" name="multipleTestSuites" tests="1" failures="0" timestamp="2019-09-11T11:41:38 EDT" time="5.720" errors="0">
  <testcase name="MultipleTestSuiteTest" time="5.720" classname="multipleTestSuites"/>
</testsuite> <!-- multipleTestSuites -->
