<?xml version="1.0" encoding="UTF-8"?>
<!-- Generated by org.testng.reporters.JUnitReportReporter -->
<testsuite skipped="0" hostname="FEI1026227" name="SoapTests.library_all" tests="1" failures="0" timestamp="2019-09-11T13:18:10 EDT" time="1.487" errors="0">
  <testcase name="SoapTest" time="1.487" classname="SoapTests.library_all"/>
</testsuite> <!-- SoapTests.library_all -->
