<?xml version="1.0" encoding="UTF-8"?>
<!-- Generated by org.testng.reporters.JUnitReportReporter -->
<testsuite skipped="0" hostname="FEI1026227" name="SoapTests.employee_groovyScript" tests="1" failures="0" timestamp="2019-09-11T13:18:10 EDT" time="1.518" errors="0">
  <testcase name="employeeWithScript" time="1.518" classname="SoapTests.employee_groovyScript"/>
</testsuite> <!-- SoapTests.employee_groovyScript -->
