<?xml version="1.0" encoding="UTF-8"?>
<!-- Generated by org.testng.reporters.JUnitReportReporter -->
<testsuite skipped="0" hostname="FEI1026227" name="com.twitter.statuses.TwitterWorkflowTest" tests="3" failures="0" timestamp="2019-11-05T15:04:50 EST" time="0.870" errors="0">
  <testcase name="postTweet" time="0.377" classname="com.twitter.statuses.TwitterWorkflowTest"/>
  <testcase name="readTweet" time="0.271" classname="com.twitter.statuses.TwitterWorkflowTest"/>
  <testcase name="deleteTweet" time="0.222" classname="com.twitter.statuses.TwitterWorkflowTest"/>
</testsuite> <!-- com.twitter.statuses.TwitterWorkflowTest -->
