<?xml version="1.0" encoding="UTF-8"?>
<!-- Generated by org.testng.reporters.JUnitReportReporter -->
<testsuite skipped="0" hostname="FEI1026227" name="com.twitter.statuses.TwitterWorkflowTest" tests="3" failures="0" timestamp="2019-11-13T15:08:03 EST" time="2.910" errors="0">
  <testcase name="readTweet" time="0.339" classname="com.twitter.statuses.TwitterWorkflowTest"/>
  <testcase name="postTweet" time="2.297" classname="com.twitter.statuses.TwitterWorkflowTest"/>
  <testcase name="deleteTweet" time="0.274" classname="com.twitter.statuses.TwitterWorkflowTest"/>
</testsuite> <!-- com.twitter.statuses.TwitterWorkflowTest -->
