<?xml version="1.0" encoding="UTF-8"?>
<!-- Generated by org.testng.reporters.JUnitReportReporter -->
<testsuite skipped="0" hostname="FEI1026227" name="com.twitter.statuses.TwitterWorkflowTest" tests="3" failures="0" timestamp="2019-11-05T14:54:01 EST" time="0.852" errors="0">
  <testcase name="readTweet" time="0.245" classname="com.twitter.statuses.TwitterWorkflowTest"/>
  <testcase name="deleteTweet" time="0.255" classname="com.twitter.statuses.TwitterWorkflowTest"/>
  <testcase name="postTweet" time="0.352" classname="com.twitter.statuses.TwitterWorkflowTest"/>
</testsuite> <!-- com.twitter.statuses.TwitterWorkflowTest -->
