<?xml version="1.0" encoding="UTF-8"?>
<!-- Generated by org.testng.reporters.JUnitReportReporter -->
<testsuite skipped="0" hostname="FEI1026227" name="com.twitter.statuses.UserTimelineTest" tests="3" failures="0" timestamp="2019-11-05T14:54:00 EST" time="2.748" errors="0">
  <testcase name="readTweets1" time="2.109" classname="com.twitter.statuses.UserTimelineTest"/>
  <testcase name="readTweets3" time="0.337" classname="com.twitter.statuses.UserTimelineTest"/>
  <testcase name="readTweets2" time="0.302" classname="com.twitter.statuses.UserTimelineTest"/>
</testsuite> <!-- com.twitter.statuses.UserTimelineTest -->
