<?xml version="1.0" encoding="UTF-8"?>
<!-- Generated by org.testng.reporters.JUnitReportReporter -->
<testsuite skipped="0" hostname="FEI1026227" name="kjtoddTraining.RESTAPITest" tests="2" failures="0" timestamp="2019-08-22T09:25:56 EDT" time="0.000" errors="0">
  <testcase name="deleteTwitter" time="0.000" classname="kjtoddTraining.RESTAPITest"/>
  <testcase name="postJira" time="0.000" classname="kjtoddTraining.RESTAPITest"/>
</testsuite> <!-- kjtoddTraining.RESTAPITest -->
