<?xml version="1.0" encoding="UTF-8"?>
<!-- Generated by org.testng.reporters.JUnitReportReporter -->
<testsuite skipped="0" hostname="FEI1026227" name="kjtoddTraining.AppiumTest" tests="2" failures="0" timestamp="2019-08-22T09:24:39 EDT" time="0.000" errors="0">
  <testcase name="IOSApps" time="0.000" classname="kjtoddTraining.AppiumTest"/>
  <testcase name="nativeAppAndorid" time="0.000" classname="kjtoddTraining.AppiumTest"/>
</testsuite> <!-- kjtoddTraining.AppiumTest -->
