<?xml version="1.0" encoding="UTF-8"?>
<!-- Generated by org.testng.reporters.JUnitReportReporter -->
<testsuite skipped="0" hostname="FEI1026227" name="kjtoddTraining.SeleniumTest" tests="2" failures="0" timestamp="2019-08-22T09:25:56 EDT" time="0.007" errors="0">
  <testcase name="browserAutomation" time="0.007" classname="kjtoddTraining.SeleniumTest"/>
  <testcase name="elementsUI" time="0.000" classname="kjtoddTraining.SeleniumTest"/>
</testsuite> <!-- kjtoddTraining.SeleniumTest -->
