<?xml version="1.0" encoding="UTF-8"?>
<!-- Generated by org.testng.reporters.JUnitReportReporter -->
<testsuite skipped="0" hostname="FEI1026227" name="com.twitter.statuses.TwitterWorkflowTest" tests="3" failures="0" timestamp="03 Dec 2019 19:04:17 GMT" time="0.838" errors="0">
  <testcase name="readTweet" time="0.272" classname="com.twitter.statuses.TwitterWorkflowTest"/>
  <testcase name="deleteTweet" time="0.250" classname="com.twitter.statuses.TwitterWorkflowTest"/>
  <testcase name="postTweet" time="0.316" classname="com.twitter.statuses.TwitterWorkflowTest"/>
</testsuite> <!-- com.twitter.statuses.TwitterWorkflowTest -->
