<?xml version="1.0" encoding="UTF-8"?>
<!-- Generated by org.testng.reporters.JUnitReportReporter -->
<testsuite skipped="0" hostname="FEI1026227" name="com.twitter.statuses.UserTimelineTest" tests="2" failures="0" timestamp="03 Dec 2019 19:04:17 GMT" time="3.027" errors="0">
  <testcase name="getTweets2" time="0.278" classname="com.twitter.statuses.UserTimelineTest"/>
  <testcase name="getTweets1" time="2.749" classname="com.twitter.statuses.UserTimelineTest"/>
</testsuite> <!-- com.twitter.statuses.UserTimelineTest -->
