<?xml version="1.0" encoding="UTF-8"?>
<!-- Generated by org.testng.reporters.JUnitReportReporter -->
<testsuite skipped="0" hostname="FEI1026227" name="b_Basics_Post_JSON" tests="1" failures="0" timestamp="22 Aug 2019 19:29:13 GMT" time="2.633" errors="0">
  <testcase name="postData" time="2.633" classname="b_Basics_Post_JSON"/>
</testsuite> <!-- b_Basics_Post_JSON -->
