<?xml version="1.0" encoding="UTF-8"?>
<!-- Generated by org.testng.reporters.JUnitReportReporter -->
<testsuite skipped="0" hostname="FEI1026227" name="d_Basics_Post_XML" tests="1" failures="0" timestamp="22 Aug 2019 19:30:05 GMT" time="2.817" errors="0">
  <testcase name="Test" time="2.817" classname="d_Basics_Post_XML"/>
</testsuite> <!-- d_Basics_Post_XML -->
