<?xml version="1.0" encoding="UTF-8"?>
<!-- Generated by org.testng.reporters.JUnitReportReporter -->
<testsuite skipped="0" hostname="FEI1026227" name="Basics_Get_All_Reponses" tests="1" failures="0" timestamp="16 Aug 2019 17:54:56 GMT" time="2.991" errors="0">
  <testcase name="Test" time="2.991" classname="Basics_Get_All_Reponses"/>
</testsuite> <!-- Basics_Get_All_Reponses -->
