<?xml version="1.0" encoding="UTF-8"?>
<!-- Generated by org.testng.reporters.JUnitReportReporter -->
<testsuite skipped="0" hostname="Kristophers-MacBook-Pro-2.local" name="tests.c_Basics_Add_and_Delete" tests="1" failures="0" timestamp="2019-10-12T11:31:09 EDT" time="6.561" errors="0">
  <testcase name="AddAndDeletePlace" time="6.561" classname="tests.c_Basics_Add_and_Delete"/>
</testsuite> <!-- tests.c_Basics_Add_and_Delete -->
