<?xml version="1.0" encoding="UTF-8"?>
<!-- Generated by org.testng.reporters.JUnitReportReporter -->
<testsuite skipped="0" hostname="FEI1026227" name="Basics_Post_XML" tests="1" failures="0" timestamp="16 Aug 2019 16:45:36 GMT" time="2.617" errors="0">
  <testcase name="Test" time="2.617" classname="Basics_Post_XML"/>
</testsuite> <!-- Basics_Post_XML -->
