<?xml version="1.0" encoding="UTF-8"?>
<!-- Generated by org.testng.reporters.JUnitReportReporter -->
<testsuite skipped="0" hostname="Kristophers-MacBook-Pro-2.local" name="tests.b_Basics_Post_JSON" tests="1" failures="0" timestamp="2019-10-12T10:58:49 EDT" time="5.463" errors="0">
  <testcase name="postData" time="5.463" classname="tests.b_Basics_Post_JSON"/>
</testsuite> <!-- tests.b_Basics_Post_JSON -->
