<?xml version="1.0" encoding="UTF-8"?>
<!-- Generated by org.testng.reporters.JUnitReportReporter -->
<testsuite skipped="0" hostname="FEI1026227" name="tests.g_DataProvider" tests="6" failures="0" timestamp="23 Aug 2019 13:15:24 GMT" time="3.488" errors="0">
  <testcase name="DeleteBook" time="0.573" classname="tests.g_DataProvider"/>
  <testcase name="DeleteBook" time="0.565" classname="tests.g_DataProvider"/>
  <testcase name="AddBook" time="0.597" classname="tests.g_DataProvider"/>
  <testcase name="AddBook" time="0.607" classname="tests.g_DataProvider"/>
  <testcase name="AddBook" time="0.585" classname="tests.g_DataProvider"/>
  <testcase name="DeleteBook" time="0.561" classname="tests.g_DataProvider"/>
</testsuite> <!-- tests.g_DataProvider -->
