<?xml version="1.0" encoding="UTF-8"?>
<!-- Generated by org.testng.reporters.JUnitReportReporter -->
<testsuite skipped="0" hostname="FEI1026227" name="f_ExcelDriven" tests="1" failures="0" timestamp="16 Aug 2019 20:00:46 GMT" time="2.720" errors="0">
  <testcase name="addBook" time="2.720" classname="f_ExcelDriven"/>
</testsuite> <!-- f_ExcelDriven -->
