<?xml version="1.0" encoding="UTF-8"?>
<!-- Generated by org.testng.reporters.JUnitReportReporter -->
<testsuite skipped="0" hostname="FEI1026227" name="c_Basics_Add_and_Delete" tests="1" failures="0" timestamp="22 Aug 2019 19:29:36 GMT" time="3.449" errors="0">
  <testcase name="AddAndDeletePlace" time="3.449" classname="c_Basics_Add_and_Delete"/>
</testsuite> <!-- c_Basics_Add_and_Delete -->
