<?xml version="1.0" encoding="UTF-8"?>
<!-- Generated by org.testng.reporters.JUnitReportReporter -->
<testsuite skipped="0" hostname="FEI1026227" name="a_Basics_Get" tests="1" failures="0" timestamp="22 Aug 2019 19:24:42 GMT" time="2.792" errors="0">
  <testcase name="Test" time="2.792" classname="a_Basics_Get"/>
</testsuite> <!-- a_Basics_Get -->
