<?xml version="1.0" encoding="UTF-8"?>
<!-- Generated by org.testng.reporters.JUnitReportReporter -->
<testsuite skipped="0" hostname="FEI1026227" name="basics_post" tests="1" failures="0" timestamp="16 Aug 2019 12:20:47 GMT" time="3.627" errors="0">
  <testcase name="postData" time="3.627" classname="basics_post"/>
</testsuite> <!-- basics_post -->
