<?xml version="1.0" encoding="UTF-8"?>
<!-- Generated by org.testng.reporters.JUnitReportReporter -->
<testsuite skipped="0" hostname="Kristophers-MacBook-Pro-2.local" name="tests.h_StaticJson" tests="1" failures="0" timestamp="2019-10-12T11:06:21 EDT" time="5.259" errors="0">
  <testcase name="AddBook" time="5.259" classname="tests.h_StaticJson"/>
</testsuite> <!-- tests.h_StaticJson -->
