<?xml version="1.0" encoding="UTF-8"?>
<!-- Generated by org.testng.reporters.JUnitReportReporter -->
<testsuite skipped="0" hostname="FEI1026227" name="h_StaticJson" tests="1" failures="0" timestamp="22 Aug 2019 19:35:21 GMT" time="2.610" errors="0">
  <testcase name="AddBook" time="2.610" classname="h_StaticJson"/>
</testsuite> <!-- h_StaticJson -->
