<?xml version="1.0" encoding="UTF-8"?>
<!-- Generated by org.testng.reporters.JUnitReportReporter -->
<testsuite skipped="0" hostname="FEI1026227" name="tests.a_Basics_Get" tests="1" failures="0" timestamp="2019-10-12T11:01:40 EDT" time="3.679" errors="0">
  <testcase name="Test" time="3.679" classname="tests.a_Basics_Get"/>
</testsuite> <!-- tests.a_Basics_Get -->
