<?xml version="1.0" encoding="UTF-8"?>
<!-- Generated by org.testng.reporters.JUnitReportReporter -->
<testsuite skipped="0" hostname="FEI1026227" name="f_DynamicJson" tests="1" failures="0" timestamp="22 Aug 2019 19:30:47 GMT" time="2.935" errors="0">
  <testcase name="addBook" time="2.935" classname="f_DynamicJson"/>
</testsuite> <!-- f_DynamicJson -->
