<?xml version="1.0" encoding="UTF-8"?>
<!-- Generated by org.testng.reporters.JUnitReportReporter -->
<testsuite skipped="0" hostname="FEI1026227" name="basics_get_xml" tests="1" failures="0" timestamp="16 Aug 2019 16:20:10 GMT" time="2.102" errors="0">
  <testcase name="Test" time="2.102" classname="basics_get_xml"/>
</testsuite> <!-- basics_get_xml -->
