<?xml version="1.0" encoding="UTF-8"?>
<!-- Generated by org.testng.reporters.JUnitReportReporter -->
<testsuite skipped="0" hostname="FEI1026227" name="basics_get" tests="1" failures="0" timestamp="16 Aug 2019 14:05:21 GMT" time="2.826" errors="0">
  <testcase name="Test" time="2.826" classname="basics_get"/>
</testsuite> <!-- basics_get -->
