<?xml version="1.0" encoding="UTF-8"?>
<!-- Generated by org.testng.reporters.JUnitReportReporter -->
<testsuite skipped="0" hostname="FEI1026227" name="e_Basics_Get_All_Reponses" tests="1" failures="0" timestamp="22 Aug 2019 19:30:13 GMT" time="2.600" errors="0">
  <testcase name="Test" time="2.600" classname="e_Basics_Get_All_Reponses"/>
</testsuite> <!-- e_Basics_Get_All_Reponses -->
