<?xml version="1.0" encoding="UTF-8"?>
<!-- Generated by org.testng.reporters.JUnitReportReporter -->
<testsuite skipped="0" hostname="FEI1026227" name="tests.f_DynamicJson" tests="1" failures="0" timestamp="22 Aug 2019 19:56:29 GMT" time="0.601" errors="0">
  <testcase name="addBook" time="0.601" classname="tests.f_DynamicJson"/>
</testsuite> <!-- tests.f_DynamicJson -->
