<?xml version="1.0" encoding="UTF-8"?>
<!-- Generated by org.testng.reporters.JUnitReportReporter -->
<testsuite skipped="0" hostname="FEI1026227" name="g_DataProvider" tests="6" failures="0" timestamp="22 Aug 2019 19:35:01 GMT" time="5.471" errors="0">
  <testcase name="AddDeleteBook" time="0.575" classname="g_DataProvider"/>
  <testcase name="AddDeleteBook" time="2.567" classname="g_DataProvider"/>
  <testcase name="DeleteBook" time="0.593" classname="g_DataProvider"/>
  <testcase name="DeleteBook" time="0.573" classname="g_DataProvider"/>
  <testcase name="DeleteBook" time="0.569" classname="g_DataProvider"/>
  <testcase name="AddDeleteBook" time="0.594" classname="g_DataProvider"/>
</testsuite> <!-- g_DataProvider -->
