<?xml version="1.0" encoding="UTF-8"?>
<!-- Generated by org.testng.reporters.JUnitReportReporter -->
<testsuite skipped="0" hostname="FEI1026227" name="basics" tests="1" failures="0" timestamp="15 Aug 2019 21:13:27 GMT" time="3.650" errors="0">
  <testcase name="Test" time="3.650" classname="basics"/>
</testsuite> <!-- basics -->
