<?xml version="1.0" encoding="UTF-8"?>
<!-- Generated by org.testng.reporters.JUnitReportReporter -->
<testsuite skipped="0" hostname="Kristophers-MacBook-Pro-2.local" name="tests.e_Basics_Get_All_Reponses" tests="1" failures="0" timestamp="2019-10-12T11:31:42 EDT" time="5.708" errors="0">
  <testcase name="Test" time="5.708" classname="tests.e_Basics_Get_All_Reponses"/>
</testsuite> <!-- tests.e_Basics_Get_All_Reponses -->
