<?xml version="1.0" encoding="UTF-8"?>
<!-- Generated by org.testng.reporters.JUnitReportReporter -->
<testsuite skipped="0" hostname="FEI1026227" name="basics_add_and_delete" tests="1" failures="0" timestamp="16 Aug 2019 13:30:36 GMT" time="3.134" errors="0">
  <testcase name="AddAndDeletePlace" time="3.134" classname="basics_add_and_delete"/>
</testsuite> <!-- basics_add_and_delete -->
