<?xml version="1.0" encoding="UTF-8"?>
<!-- Generated by org.testng.reporters.JUnitReportReporter -->
<testsuite skipped="0" hostname="FEI1026227" name="a_PostGetDeleteTweet" tests="3" failures="0" timestamp="2019-11-26T16:40:51 EST" time="5.073" errors="0">
  <testcase name="postTweet" time="4.333" classname="a_PostGetDeleteTweet"/>
  <testcase name="getLatestTweet" time="0.422" classname="a_PostGetDeleteTweet"/>
  <testcase name="deleteTweet" time="0.318" classname="a_PostGetDeleteTweet"/>
</testsuite> <!-- a_PostGetDeleteTweet -->
