<?xml version="1.0" encoding="UTF-8"?>
<!-- Generated by org.testng.reporters.JUnitReportReporter -->
<testsuite skipped="0" hostname="FEI1026227" name="a_PostGetDeleteTweet" tests="3" failures="0" timestamp="2019-11-04T13:42:02 EST" time="3.711" errors="0">
  <testcase name="postTweet" time="3.089" classname="a_PostGetDeleteTweet"/>
  <testcase name="getLatestTweet" time="0.343" classname="a_PostGetDeleteTweet"/>
  <testcase name="deleteTweet" time="0.279" classname="a_PostGetDeleteTweet"/>
</testsuite> <!-- a_PostGetDeleteTweet -->
