<?xml version="1.0" encoding="UTF-8"?>
<!-- Generated by org.testng.reporters.JUnitReportReporter -->
<testsuite skipped="0" hostname="FEI1026227" name="a_GetTweetsFromTwitter" tests="3" failures="0" timestamp="21 Aug 2019 18:51:37 GMT" time="3.096" errors="0">
  <testcase name="a_postTweet" time="2.484" classname="a_GetTweetsFromTwitter"/>
  <testcase name="c_deleteTweet" time="0.298" classname="a_GetTweetsFromTwitter"/>
  <testcase name="b_getLatestTweet" time="0.314" classname="a_GetTweetsFromTwitter"/>
</testsuite> <!-- a_GetTweetsFromTwitter -->
