<?xml version="1.0" encoding="UTF-8"?>
<!-- Generated by org.testng.reporters.JUnitReportReporter -->
<testsuite skipped="0" hostname="FEI1026227" name="a_GetTweetsFromTwiiter" tests="1" failures="0" timestamp="21 Aug 2019 17:52:32 GMT" time="2.484" errors="0">
  <testcase name="getTweets" time="2.484" classname="a_GetTweetsFromTwiiter"/>
</testsuite> <!-- a_GetTweetsFromTwiiter -->
